<?xml version="1.0" encoding="UTF-8"?>
<robot generator="Robot 3.0.4 (Python 3.6.3 on darwin)" generated="20180509 12:02:38.677">
<suite id="s1" name="Amazon" source="/Sreenu/Robort-Framework/Testing-Amazon-Procedural/tests/amazon.robot">
<kw name="Open browser and maximise" library="Common" type="setup">
<kw name="Open Browser" library="SeleniumLibrary">
<doc>Opens a new browser instance to the given ``url``.</doc>
<arguments>
<arg>about:blank</arg>
<arg>${BROWSER}</arg>
</arguments>
<msg timestamp="20180509 12:02:38.821" level="INFO">Opening browser 'chrome' to base url 'about:blank'.</msg>
<status status="PASS" starttime="20180509 12:02:38.820" endtime="20180509 12:02:40.462"></status>
</kw>
<kw name="Maximize Browser Window" library="SeleniumLibrary">
<doc>Maximizes current browser window.</doc>
<status status="PASS" starttime="20180509 12:02:40.463" endtime="20180509 12:02:40.661"></status>
</kw>
<status status="PASS" starttime="20180509 12:02:38.819" endtime="20180509 12:02:40.661"></status>
</kw>
<test id="s1-t1" name="User search for a product">
<kw name="Go to the url" library="Amazon">
<kw name="Load" library="LandingPage">
<kw name="Go To" library="SeleniumLibrary">
<doc>Navigates the active browser instance to the provided ``url``.</doc>
<arguments>
<arg>${URL}</arg>
</arguments>
<msg timestamp="20180509 12:02:40.663" level="INFO">Opening url 'https://www.amazon.in/'</msg>
<status status="PASS" starttime="20180509 12:02:40.663" endtime="20180509 12:02:43.544"></status>
</kw>
<status status="PASS" starttime="20180509 12:02:40.663" endtime="20180509 12:02:43.544"></status>
</kw>
<kw name="Verify Page Load" library="LandingPage">
<kw name="Wait Until Page Contains" library="SeleniumLibrary">
<doc>Waits until ``text`` appears on current page.</doc>
<arguments>
<arg>Your Amazon.in</arg>
</arguments>
<status status="PASS" starttime="20180509 12:02:43.545" endtime="20180509 12:02:43.578"></status>
</kw>
<status status="PASS" starttime="20180509 12:02:43.544" endtime="20180509 12:02:43.579"></status>
</kw>
<status status="PASS" starttime="20180509 12:02:40.662" endtime="20180509 12:02:43.579"></status>
</kw>
<kw name="Search for a product" library="Amazon">
<kw name="Searching The Product" library="TopNavBar">
<kw name="Enter Product To Search" library="TopNavBar">
<kw name="Input Text" library="SeleniumLibrary">
<doc>Types the given ``text`` into text field identified by ``locator``.</doc>
<arguments>
<arg>${NAV_BAR_SEARCH_BOX}</arg>
<arg>${SEARCH_TERM}</arg>
</arguments>
<msg timestamp="20180509 12:02:43.580" level="INFO">Typing text 'alexa' into text field 'id=twotabsearchtextbox'.</msg>
<status status="PASS" starttime="20180509 12:02:43.580" endtime="20180509 12:02:43.897"></status>
</kw>
<status status="PASS" starttime="20180509 12:02:43.580" endtime="20180509 12:02:43.897"></status>
</kw>
<kw name="Click On Search Button" library="TopNavBar">
<kw name="Click Button" library="SeleniumLibrary">
<doc>Clicks button identified by ``locator``.</doc>
<arguments>
<arg>${NAV_BAR_SEARCH_BUTTON}</arg>
</arguments>
<msg timestamp="20180509 12:02:43.898" level="INFO">Clicking button 'xpath=//div[@class='nav-search-submit nav-sprite']//input[@type='submit']'.</msg>
<status status="PASS" starttime="20180509 12:02:43.897" endtime="20180509 12:02:45.800"></status>
</kw>
<status status="PASS" starttime="20180509 12:02:43.897" endtime="20180509 12:02:45.800"></status>
</kw>
<status status="PASS" starttime="20180509 12:02:43.579" endtime="20180509 12:02:45.800"></status>
</kw>
<kw name="Click Product Link" library="SearchResult">
<kw name="Click Image" library="SeleniumLibrary">
<doc>Clicks an image identified by ``locator``.</doc>
<arguments>
<arg>Echo Dot - Voice control your music, Make calls, Get news, weather &amp; more - Black</arg>
</arguments>
<msg timestamp="20180509 12:02:45.801" level="INFO">Clicking image 'Echo Dot - Voice control your music, Make calls, Get news, weather &amp; more - Black'.</msg>
<status status="PASS" starttime="20180509 12:02:45.801" endtime="20180509 12:02:45.922"></status>
</kw>
<kw name="Select Window" library="SeleniumLibrary">
<doc>Selects browser window matching ``locator``.</doc>
<arguments>
<arg>NEW</arg>
</arguments>
<status status="PASS" starttime="20180509 12:02:45.923" endtime="20180509 12:02:45.931"></status>
</kw>
<status status="PASS" starttime="20180509 12:02:45.800" endtime="20180509 12:02:45.932"></status>
</kw>
<kw name="Verify Page Loaded" library="ProductActions">
<kw name="Wait Until Page Contains" library="SeleniumLibrary">
<doc>Waits until ``text`` appears on current page.</doc>
<arguments>
<arg>Echo Dot - Voice control your music, Make calls, Get news, weather &amp; more - Black</arg>
</arguments>
<status status="PASS" starttime="20180509 12:02:45.933" endtime="20180509 12:02:49.200"></status>
</kw>
<status status="PASS" starttime="20180509 12:02:45.933" endtime="20180509 12:02:49.201"></status>
</kw>
<status status="PASS" starttime="20180509 12:02:43.579" endtime="20180509 12:02:49.201"></status>
</kw>
<tags>
<tag>smoke</tag>
</tags>
<status status="PASS" starttime="20180509 12:02:40.661" endtime="20180509 12:02:49.201" critical="yes"></status>
</test>
<test id="s1-t2" name="User add product to cart">
<kw name="Add product to cart" library="Amazon">
<kw name="Add Product To Cart" library="ProductActions">
<kw name="Click Button" library="SeleniumLibrary">
<doc>Clicks button identified by ``locator``.</doc>
<arguments>
<arg>${ADD_TO_CART_BUTTON}</arg>
</arguments>
<msg timestamp="20180509 12:02:49.204" level="INFO">Clicking button 'id=add-to-cart-button'.</msg>
<status status="PASS" starttime="20180509 12:02:49.203" endtime="20180509 12:02:49.299"></status>
</kw>
<status status="PASS" starttime="20180509 12:02:49.203" endtime="20180509 12:02:49.300"></status>
</kw>
<kw name="Verify Product Added" library="CartActions">
<kw name="Wait Until Page Contains" library="SeleniumLibrary">
<doc>Waits until ``text`` appears on current page.</doc>
<arguments>
<arg>Order Sub-Total</arg>
</arguments>
<status status="PASS" starttime="20180509 12:02:49.300" endtime="20180509 12:02:53.145"></status>
</kw>
<status status="PASS" starttime="20180509 12:02:49.300" endtime="20180509 12:02:53.145"></status>
</kw>
<status status="PASS" starttime="20180509 12:02:49.203" endtime="20180509 12:02:53.145"></status>
</kw>
<status status="PASS" starttime="20180509 12:02:49.202" endtime="20180509 12:02:53.145" critical="yes"></status>
</test>
<test id="s1-t3" name="User must sign in to do checkout">
<kw name="Proceed to checkout" library="Amazon">
<kw name="Proceed To Checkout" library="CartActions">
<kw name="Click Link" library="SeleniumLibrary">
<doc>Clicks a link identified by ``locator``.</doc>
<arguments>
<arg>${CHECKOUT_LINK_BUTTON}</arg>
</arguments>
<msg timestamp="20180509 12:02:53.147" level="INFO">Clicking link 'xpath=//a[@class='hucSprite s_checkout hlb-checkout-button']'.</msg>
<status status="PASS" starttime="20180509 12:02:53.147" endtime="20180509 12:02:55.059"></status>
</kw>
<status status="PASS" starttime="20180509 12:02:53.147" endtime="20180509 12:02:55.059"></status>
</kw>
<status status="PASS" starttime="20180509 12:02:53.146" endtime="20180509 12:02:55.060"></status>
</kw>
<kw name="Verify the Sign in screen" library="Amazon">
<kw name="Verify Page Loaded" library="SignInPage">
<kw name="Page Should Contain Textfield" library="SeleniumLibrary">
<doc>Verifies text field ``locator`` is found from current page.</doc>
<arguments>
<arg>${SIGIN_USERNAME_TEXTBOX}</arg>
</arguments>
<msg timestamp="20180509 12:02:55.080" level="INFO">Current page contains text field 'id=ap_email'.</msg>
<status status="PASS" starttime="20180509 12:02:55.061" endtime="20180509 12:02:55.080"></status>
</kw>
<status status="PASS" starttime="20180509 12:02:55.060" endtime="20180509 12:02:55.080"></status>
</kw>
<status status="PASS" starttime="20180509 12:02:55.060" endtime="20180509 12:02:55.080"></status>
</kw>
<status status="PASS" starttime="20180509 12:02:53.146" endtime="20180509 12:02:55.080" critical="yes"></status>
</test>
<kw name="Close the browser" library="Common" type="teardown">
<kw name="Close Browser" library="SeleniumLibrary">
<doc>Closes the current browser.</doc>
<status status="PASS" starttime="20180509 12:02:55.081" endtime="20180509 12:02:55.183"></status>
</kw>
<status status="PASS" starttime="20180509 12:02:55.081" endtime="20180509 12:02:55.183"></status>
</kw>
<doc>This will test the amazon site for adding a product</doc>
<status status="PASS" starttime="20180509 12:02:38.679" endtime="20180509 12:02:55.183"></status>
</suite>
<statistics>
<total>
<stat pass="3" fail="0">Critical Tests</stat>
<stat pass="3" fail="0">All Tests</stat>
</total>
<tag>
<stat pass="1" fail="0">smoke</stat>
</tag>
<suite>
<stat pass="3" fail="0" id="s1" name="Amazon">Amazon</stat>
</suite>
</statistics>
<errors>
</errors>
</robot>
